-------------------SESSION_2025-04-21 20:05:49--------------------------
[INFO - file_handler] 2025-04-21 20:05:51,849 - Config written to '/home/user/Desktop/Programmieren/Projects/backup/config.yaml.
-------------------SESSION_2025-04-22 15:46:11--------------------------
[INFO - file_handler] 2025-04-22 15:46:15,243 - Config written to '/media/user/Extreme Pro/Programming/Programs/backup/config.yaml.
[INFO - file_handler] 2025-04-22 15:46:15,247 - Now checking for old stuff to delete in '/media/user/Extreme Pro/Backups/devices/gustavs-laptop-ubuntu' ...
[DEBUG - file_handler] 2025-04-22 15:46:15,247 - delete-prefix: backup; num backups: 4
[INFO - file_handler] 2025-04-22 15:46:15,249 - Backup from today already exists. Maybe it will be overridden...
[INFO - file_handler] 2025-04-22 15:46:15,250 - 1 dirs to be deleted saved in a list; will delete it short after.
[INFO - shell_communicator] 2025-04-22 15:46:15,250 - Num logical threads: 16
[DEBUG - shell_communicator] 2025-04-22 15:46:15,254 - Now deleting '/media/user/Extreme Pro/Backups/devices/gustavs-laptop-ubuntu/backup_2025-04-19' ...
[DEBUG - shell_communicator] 2025-04-22 15:46:15,834 - Deleted success.
[DEBUG - shell_communicator] 2025-04-22 15:46:15,835 - Now backupping '/home/user/Desktop/Programmieren' to '/media/user/Extreme Pro/Backups/devices/gustavs-laptop-ubuntu/backup_2025-04-22' ...
[DEBUG - shell_communicator] 2025-04-22 15:46:17,322 - Now backupping '/home/user/Desktop/Arbeit' to '/media/user/Extreme Pro/Backups/devices/gustavs-laptop-ubuntu/backup_2025-04-22' ...
[DEBUG - shell_communicator] 2025-04-22 15:46:47,431 - Now backupping '/home/user/Desktop/Icons_Linux' to '/media/user/Extreme Pro/Backups/devices/gustavs-laptop-ubuntu/backup_2025-04-22' ...
[DEBUG - shell_communicator] 2025-04-22 15:46:47,503 - Now backupping '/home/user/Desktop/Uni_tmp' to '/media/user/Extreme Pro/Backups/devices/gustavs-laptop-ubuntu/backup_2025-04-22' ...
[DEBUG - shell_communicator] 2025-04-22 15:46:47,559 - Now backupping '/home/user/Desktop/Linux_Help.txt' to '/media/user/Extreme Pro/Backups/devices/gustavs-laptop-ubuntu/backup_2025-04-22' ...
[INFO - executor] 2025-04-22 15:46:47,619 - File Backup ended successfull
[INFO - file_handler] 2025-04-22 15:47:21,603 - Config written to '/media/user/Extreme Pro/Programming/Programs/backup/config.yaml.
[INFO - file_handler] 2025-04-22 15:47:21,617 - Now checking for old stuff to delete in '/media/user/smb_raspberrypi/home/gazo/Desktop/cloud/Backups/devices/gustavs-laptop-ubuntu' ...
[DEBUG - file_handler] 2025-04-22 15:47:21,620 - delete-prefix: backup; num backups: 2
[INFO - file_handler] 2025-04-22 15:47:21,624 - Backup from today already exists. Maybe it will be overridden...
[INFO - file_handler] 2025-04-22 15:47:21,624 - 0 dirs to be deleted saved in a list; will delete it short after.
[INFO - shell_communicator] 2025-04-22 15:47:21,625 - Num logical threads: 16
[DEBUG - shell_communicator] 2025-04-22 15:47:21,629 - Now backupping '/home/user/Desktop/Programmieren' to '/media/user/smb_raspberrypi/home/gazo/Desktop/cloud/Backups/devices/gustavs-laptop-ubuntu/backup_2025-04-22' ...
[WARNING - executor] 2025-04-22 15:47:55,686 - Returncode is 23 (!= 0).
[DEBUG - shell_communicator] 2025-04-22 15:47:55,686 - Now backupping '/home/user/Desktop/Arbeit' to '/media/user/smb_raspberrypi/home/gazo/Desktop/cloud/Backups/devices/gustavs-laptop-ubuntu/backup_2025-04-22' ...
[WARNING - executor] 2025-04-22 15:49:58,007 - Returncode is 23 (!= 0).
[DEBUG - shell_communicator] 2025-04-22 15:49:58,007 - Now backupping '/home/user/Desktop/Icons_Linux' to '/media/user/smb_raspberrypi/home/gazo/Desktop/cloud/Backups/devices/gustavs-laptop-ubuntu/backup_2025-04-22' ...
[DEBUG - shell_communicator] 2025-04-22 15:49:58,123 - Now backupping '/home/user/Desktop/Uni_tmp' to '/media/user/smb_raspberrypi/home/gazo/Desktop/cloud/Backups/devices/gustavs-laptop-ubuntu/backup_2025-04-22' ...
[DEBUG - shell_communicator] 2025-04-22 15:49:58,202 - Now backupping '/home/user/Desktop/Linux_Help.txt' to '/media/user/smb_raspberrypi/home/gazo/Desktop/cloud/Backups/devices/gustavs-laptop-ubuntu/backup_2025-04-22' ...
[INFO - executor] 2025-04-22 15:49:58,268 - File Backup ended successfull
[INFO - file_handler] 2025-04-22 15:51:15,750 - Config written to '/media/user/Extreme Pro/Programming/Programs/backup/config.yaml.
-------------------SESSION_2025-04-23 15:54:02--------------------------
[INFO - file_handler] 2025-04-23 15:58:34,932 - Config written to 'F:\Programming\Programs\backup\config.yaml.
-------------------SESSION_2025-04-23 15:58:42--------------------------
[INFO - file_handler] 2025-04-23 15:58:56,356 - Config written to 'F:\Programming\Programs\backup\config.yaml.
[INFO - file_handler] 2025-04-23 15:58:56,387 - Now checking for old stuff to delete in 'F:\Backups\devices\gustavs-pc-windows' ...
[DEBUG - file_handler] 2025-04-23 15:58:56,387 - delete-prefix: backup; num backups: 5
[INFO - file_handler] 2025-04-23 15:58:56,388 - Backup from today already exists. Maybe it will be overridden...
[INFO - file_handler] 2025-04-23 15:58:56,389 - 1 dirs to be deleted saved in a list; will delete it short after.
[INFO - shell_communicator] 2025-04-23 15:58:56,389 - Num logical threads: 20
[DEBUG - shell_communicator] 2025-04-23 15:58:56,394 - Now deleting 'F:\Backups\devices\gustavs-pc-windows\backup_2025-04-11' ...
[DEBUG - shell_communicator] 2025-04-23 16:00:03,540 - Deleted success.
[DEBUG - shell_communicator] 2025-04-23 16:00:03,540 - Now backupping 'C:\Users\user\Desktop\Sonstiges' to 'F:\Backups\devices\gustavs-pc-windows\backup_2025-04-23' ...
[ERROR - executor] 2025-04-23 16:00:03,779 - Backuping: 'NoneType' object is not iterable
-------------------SESSION_2025-04-23 16:05:47--------------------------
[INFO - file_handler] 2025-04-23 16:05:49,321 - Config written to 'F:\Programming\Programs\backup\config.yaml.
[INFO - file_handler] 2025-04-23 16:05:49,321 - Now checking for old stuff to delete in 'F:\Backups\devices\gustavs-pc-windows' ...
[DEBUG - file_handler] 2025-04-23 16:05:49,322 - delete-prefix: backup; num backups: 3
[INFO - file_handler] 2025-04-23 16:05:49,323 - Backup from today already exists. Maybe it will be overridden...
[INFO - file_handler] 2025-04-23 16:05:49,323 - 0 dirs to be deleted saved in a list; will delete it short after.
[INFO - shell_communicator] 2025-04-23 16:05:49,324 - Num logical threads: 20
[DEBUG - shell_communicator] 2025-04-23 16:05:49,329 - Now backupping 'C:\Users\user\Desktop\Sonstiges' to 'F:\Backups\devices\gustavs-pc-windows\backup_2025-04-23' ...
[ERROR - executor] 2025-04-23 16:05:49,345 - Backuping: 'NoneType' object is not iterable
[INFO - file_handler] 2025-04-23 16:07:00,890 - Config written to 'F:\Programming\Programs\backup\config.yaml.
-------------------SESSION_2025-04-23 16:08:15--------------------------
[INFO - file_handler] 2025-04-23 16:08:19,616 - Config written to 'F:\Programming\Programs\backup\config.yaml.
[INFO - file_handler] 2025-04-23 16:08:19,617 - Now checking for old stuff to delete in 'F:\Backups\devices\gustavs-pc-windows' ...
[DEBUG - file_handler] 2025-04-23 16:08:19,617 - delete-prefix: backup; num backups: 3
[INFO - file_handler] 2025-04-23 16:08:19,618 - Backup from today already exists. Maybe it will be overridden...
[INFO - file_handler] 2025-04-23 16:08:19,618 - 0 dirs to be deleted saved in a list; will delete it short after.
[INFO - shell_communicator] 2025-04-23 16:08:19,619 - Num logical threads: 20
[DEBUG - shell_communicator] 2025-04-23 16:08:19,625 - Now backupping 'C:\Users\user\Desktop\Sonstiges' to 'F:\Backups\devices\gustavs-pc-windows\backup_2025-04-23' ...
[DEBUG - shell_communicator] 2025-04-23 16:08:19,639 - Now backupping 'C:\Users\user\Desktop\Freizeit' to 'F:\Backups\devices\gustavs-pc-windows\backup_2025-04-23' ...
[WARNING - executor] 2025-04-23 16:08:37,104 - Returncode is 1 (!= 0).
[DEBUG - shell_communicator] 2025-04-23 16:08:37,105 - Now backupping 'C:\Users\user\Desktop\Finanzen' to 'F:\Backups\devices\gustavs-pc-windows\backup_2025-04-23' ...
[WARNING - executor] 2025-04-23 16:08:37,174 - Returncode is 1 (!= 0).
[DEBUG - shell_communicator] 2025-04-23 16:08:37,175 - Now backupping 'C:\Users\user\AppData\Local\Google\Chrome\User Data\Default' to 'F:\Backups\devices\gustavs-pc-windows\backup_2025-04-23' ...
[WARNING - executor] 2025-04-23 16:16:25,889 - Returncode is 3221225786 (!= 0).
-------------------SESSION_2025-04-23 16:17:06--------------------------
[INFO - file_handler] 2025-04-23 16:17:10,451 - Config written to 'F:\Programming\Programs\backup\config.yaml.
[INFO - file_handler] 2025-04-23 16:17:10,452 - Now checking for old stuff to delete in 'F:\Backups\devices\gustavs-pc-windows' ...
[DEBUG - file_handler] 2025-04-23 16:17:10,452 - delete-prefix: backup; num backups: 3
[INFO - file_handler] 2025-04-23 16:17:10,454 - Backup from today already exists. Maybe it will be overridden...
[INFO - file_handler] 2025-04-23 16:17:10,454 - 0 dirs to be deleted saved in a list; will delete it short after.
[INFO - shell_communicator] 2025-04-23 16:17:10,454 - Using 16 threads for robocopy. Total amount of threads in system: 20.
[DEBUG - shell_communicator] 2025-04-23 16:17:10,459 - Now backupping 'C:\Users\user\Desktop\Sonstiges' to 'F:\Backups\devices\gustavs-pc-windows\backup_2025-04-23' ...
[DEBUG - shell_communicator] 2025-04-23 16:17:10,474 - Now backupping 'C:\Users\user\Desktop\Freizeit' to 'F:\Backups\devices\gustavs-pc-windows\backup_2025-04-23' ...
[DEBUG - shell_communicator] 2025-04-23 16:17:10,488 - Now backupping 'C:\Users\user\Desktop\Finanzen' to 'F:\Backups\devices\gustavs-pc-windows\backup_2025-04-23' ...
[DEBUG - shell_communicator] 2025-04-23 16:17:10,500 - Now backupping 'C:\Users\user\AppData\Local\Google\Chrome\User Data\Default' to 'F:\Backups\devices\gustavs-pc-windows\backup_2025-04-23' ...
[WARNING - executor] 2025-04-23 16:23:26,046 - Returncode is 3221225786 (!= 0).
-------------------SESSION_2025-04-23 16:27:44--------------------------
[INFO - file_handler] 2025-04-23 16:28:06,854 - Config written to 'F:\Programming\Programs\backup\config.yaml.
[INFO - file_handler] 2025-04-23 16:28:06,886 - Now checking for old stuff to delete in 'F:\Backups\devices\gustavs-pc-windows' ...
[DEBUG - file_handler] 2025-04-23 16:28:06,886 - delete-prefix: backup; num backups: 3
[INFO - file_handler] 2025-04-23 16:28:06,887 - Backup from today already exists. Maybe it will be overridden...
[INFO - file_handler] 2025-04-23 16:28:06,887 - 0 dirs to be deleted saved in a list; will delete it short after.
[INFO - shell_communicator] 2025-04-23 16:28:06,887 - Using 16 threads for robocopy. Total amount of threads in system: 20.
[DEBUG - shell_communicator] 2025-04-23 16:28:06,893 - Now backupping 'C:\Users\user\Desktop\Sonstiges' to 'F:\Backups\devices\gustavs-pc-windows\backup_2025-04-23' ...
[ERROR - executor] 2025-04-23 16:28:07,110 - Backuping: cannot access local variable 'stdout_line_count' where it is not associated with a value
[INFO - file_handler] 2025-04-23 16:28:13,455 - Config written to 'F:\Programming\Programs\backup\config.yaml.
-------------------SESSION_2025-04-23 16:28:34--------------------------
[INFO - file_handler] 2025-04-23 16:28:36,353 - Config written to 'F:\Programming\Programs\backup\config.yaml.
[INFO - file_handler] 2025-04-23 16:28:36,354 - Now checking for old stuff to delete in 'F:\Backups\devices\gustavs-pc-windows' ...
[DEBUG - file_handler] 2025-04-23 16:28:36,354 - delete-prefix: backup; num backups: 3
[INFO - file_handler] 2025-04-23 16:28:36,355 - Backup from today already exists. Maybe it will be overridden...
[INFO - file_handler] 2025-04-23 16:28:36,355 - 0 dirs to be deleted saved in a list; will delete it short after.
[INFO - shell_communicator] 2025-04-23 16:28:36,356 - Using 16 threads for robocopy. Total amount of threads in system: 20.
[DEBUG - shell_communicator] 2025-04-23 16:28:36,363 - Now backupping 'C:\Users\user\Desktop\Sonstiges' to 'F:\Backups\devices\gustavs-pc-windows\backup_2025-04-23' ...
[DEBUG - shell_communicator] 2025-04-23 16:28:36,377 - Now backupping 'C:\Users\user\Desktop\Freizeit' to 'F:\Backups\devices\gustavs-pc-windows\backup_2025-04-23' ...
[WARNING - executor] 2025-04-23 16:28:52,388 - Returncode is 1 (!= 0).
[DEBUG - shell_communicator] 2025-04-23 16:28:52,388 - Now backupping 'C:\Users\user\Desktop\Finanzen' to 'F:\Backups\devices\gustavs-pc-windows\backup_2025-04-23' ...
[WARNING - executor] 2025-04-23 16:28:52,461 - Returncode is 1 (!= 0).
[DEBUG - shell_communicator] 2025-04-23 16:28:52,461 - Now backupping 'C:\Users\user\AppData\Local\Google\Chrome\User Data\Default' to 'F:\Backups\devices\gustavs-pc-windows\backup_2025-04-23' ...
[WARNING - executor] 2025-04-23 16:31:45,582 - Returncode is 3221225786 (!= 0).
[INFO - executor] 2025-04-23 16:31:45,582 - File Backup ended successfull
[ERROR - executor] 2025-04-23 16:31:46,675 - Backuping: main thread is not in main loop
[INFO - file_handler] 2025-04-23 16:31:47,869 - Config written to 'F:\Programming\Programs\backup\config.yaml.
-------------------SESSION_2025-04-23 16:40:12--------------------------
[INFO - file_handler] 2025-04-23 16:40:19,306 - Config written to 'D:\Programming\Programs\backup\config.yaml.
[INFO - file_handler] 2025-04-23 16:40:19,340 - Now checking for old stuff to delete in 'D:\Backups\devices\gustavs-laptop-windows' ...
[DEBUG - file_handler] 2025-04-23 16:40:19,341 - delete-prefix: backup; num backups: 4
[INFO - file_handler] 2025-04-23 16:40:19,342 - Backup from today already exists. Maybe it will be overridden...
[INFO - file_handler] 2025-04-23 16:40:19,342 - 0 dirs to be deleted saved in a list; will delete it short after.
[INFO - shell_communicator] 2025-04-23 16:40:19,343 - Using 16 threads for robocopy. Total amount of threads in system: 16.
[DEBUG - shell_communicator] 2025-04-23 16:40:19,352 - Now backupping 'C:\Users\user\Desktop\Uni' to 'D:\Backups\devices\gustavs-laptop-windows\backup_2025-04-23' ...
[WARNING - executor] 2025-04-23 16:40:22,100 - Returncode is 1 (!= 0).
[DEBUG - shell_communicator] 2025-04-23 16:40:22,100 - Now backupping 'C:\Users\user\Desktop\Icons_Windows' to 'D:\Backups\devices\gustavs-laptop-windows\backup_2025-04-23' ...
[WARNING - executor] 2025-04-23 16:40:22,370 - Returncode is 1 (!= 0).
[DEBUG - shell_communicator] 2025-04-23 16:40:22,370 - Now backupping 'C:\Users\user\Desktop\LaTex' to 'D:\Backups\devices\gustavs-laptop-windows\backup_2025-04-23' ...
[WARNING - executor] 2025-04-23 16:40:22,590 - Returncode is 1 (!= 0).
[DEBUG - shell_communicator] 2025-04-23 16:40:22,590 - Now backupping 'C:\Users\user\Documents\Electronic Arts\Die Sims 4' to 'D:\Backups\devices\gustavs-laptop-windows\backup_2025-04-23' ...
[WARNING - executor] 2025-04-23 16:40:23,371 - Returncode is 1 (!= 0).
[DEBUG - shell_communicator] 2025-04-23 16:40:23,372 - Now backupping 'C:\signs' to 'D:\Backups\devices\gustavs-laptop-windows\backup_2025-04-23' ...
[WARNING - executor] 2025-04-23 16:40:23,678 - Returncode is 1 (!= 0).
[INFO - executor] 2025-04-23 16:40:23,678 - File Backup ended successfull
-------------------SESSION_2025-04-23 16:41:33--------------------------
[INFO - file_handler] 2025-04-23 16:41:35,481 - Config written to 'D:\Programming\Programs\backup\config.yaml.
[INFO - file_handler] 2025-04-23 16:41:35,514 - Now checking for old stuff to delete in 'D:\Backups\devices\gustavs-laptop-windows' ...
[DEBUG - file_handler] 2025-04-23 16:41:35,514 - delete-prefix: backup; num backups: 3
[INFO - file_handler] 2025-04-23 16:41:35,515 - Backup from today already exists. Maybe it will be overridden...
[INFO - file_handler] 2025-04-23 16:41:35,516 - 0 dirs to be deleted saved in a list; will delete it short after.
[INFO - shell_communicator] 2025-04-23 16:41:35,516 - Using 16 threads for robocopy. Total amount of threads in system: 16.
[DEBUG - shell_communicator] 2025-04-23 16:41:35,522 - Now backupping 'C:\Users\user\Desktop\Uni' to 'D:\Backups\devices\gustavs-laptop-windows\backup_2025-04-23' ...
[WARNING - executor] 2025-04-23 16:41:38,106 - Returncode is 1 (!= 0).
[DEBUG - shell_communicator] 2025-04-23 16:41:38,106 - Now backupping 'C:\Users\user\Desktop\Icons_Windows' to 'D:\Backups\devices\gustavs-laptop-windows\backup_2025-04-23' ...
[WARNING - executor] 2025-04-23 16:41:38,280 - Returncode is 1 (!= 0).
[DEBUG - shell_communicator] 2025-04-23 16:41:38,280 - Now backupping 'C:\Users\user\Desktop\LaTex' to 'D:\Backups\devices\gustavs-laptop-windows\backup_2025-04-23' ...
[WARNING - executor] 2025-04-23 16:41:38,473 - Returncode is 1 (!= 0).
[DEBUG - shell_communicator] 2025-04-23 16:41:38,473 - Now backupping 'C:\Users\user\Documents\Electronic Arts\Die Sims 4' to 'D:\Backups\devices\gustavs-laptop-windows\backup_2025-04-23' ...
[WARNING - executor] 2025-04-23 16:41:39,083 - Returncode is 1 (!= 0).
[DEBUG - shell_communicator] 2025-04-23 16:41:39,084 - Now backupping 'C:\signs' to 'D:\Backups\devices\gustavs-laptop-windows\backup_2025-04-23' ...
[WARNING - executor] 2025-04-23 16:41:39,365 - Returncode is 1 (!= 0).
[INFO - executor] 2025-04-23 16:41:39,365 - File Backup ended successfull
[INFO - file_handler] 2025-04-23 16:41:45,635 - Config written to 'D:\Programming\Programs\backup\config.yaml.
-------------------SESSION_2025-04-23 16:58:39--------------------------
[INFO - file_handler] 2025-04-23 16:59:49,035 - Config written to '/media/user/Extreme Pro/Programming/Programs/backup/config.yaml.
[INFO - file_handler] 2025-04-23 16:59:49,037 - Now checking for old stuff to delete in '/media/user/Extreme Pro/Backups/devices/gustavs-laptop-ubuntu' ...
[DEBUG - file_handler] 2025-04-23 16:59:49,037 - delete-prefix: backup; num backups: 4
[INFO - file_handler] 2025-04-23 16:59:49,038 - Backup from today already exists. Maybe it will be overridden...
[INFO - file_handler] 2025-04-23 16:59:49,038 - 1 dirs to be deleted saved in a list; will delete it short after.
[INFO - shell_communicator] 2025-04-23 16:59:49,038 - Using 16 threads for robocopy. Total amount of threads in system: 16.
[DEBUG - shell_communicator] 2025-04-23 16:59:49,039 - Now deleting '/media/user/Extreme Pro/Backups/devices/gustavs-laptop-ubuntu/backup_2025-04-20' ...
[DEBUG - shell_communicator] 2025-04-23 16:59:49,599 - Deleted success.
[DEBUG - shell_communicator] 2025-04-23 16:59:49,599 - Now backupping '/home/user/Desktop/Programmieren' to '/media/user/Extreme Pro/Backups/devices/gustavs-laptop-ubuntu/backup_2025-04-23' ...
[DEBUG - shell_communicator] 2025-04-23 16:59:51,194 - Now backupping '/home/user/Desktop/Arbeit' to '/media/user/Extreme Pro/Backups/devices/gustavs-laptop-ubuntu/backup_2025-04-23' ...
[DEBUG - shell_communicator] 2025-04-23 17:00:19,156 - Now backupping '/home/user/Desktop/Icons_Linux' to '/media/user/Extreme Pro/Backups/devices/gustavs-laptop-ubuntu/backup_2025-04-23' ...
[DEBUG - shell_communicator] 2025-04-23 17:00:19,213 - Now backupping '/home/user/Desktop/Uni_tmp' to '/media/user/Extreme Pro/Backups/devices/gustavs-laptop-ubuntu/backup_2025-04-23' ...
[DEBUG - shell_communicator] 2025-04-23 17:00:19,272 - Now backupping '/home/user/Desktop/Linux_Help.txt' to '/media/user/Extreme Pro/Backups/devices/gustavs-laptop-ubuntu/backup_2025-04-23' ...
[DEBUG - shell_communicator] 2025-04-23 17:00:19,328 - Now backupping '/home/user/.config/Code/User' to '/media/user/Extreme Pro/Backups/devices/gustavs-laptop-ubuntu/backup_2025-04-23' ...
[DEBUG - shell_communicator] 2025-04-23 17:00:19,995 - Now backupping '/home/user/.vscode/extensions' to '/media/user/Extreme Pro/Backups/devices/gustavs-laptop-ubuntu/backup_2025-04-23' ...
[INFO - executor] 2025-04-23 17:00:27,988 - File Backup ended successfull
